{
  "RSpec": {
    "coverage": {
      "/Users/adamsnow/OneDrive/MacBook/Coding/weekly_projects/tech_tests/game_of_life/spec/game_spec.rb": [
        1,
        null,
        1,
        null,
        1,
        1,
        null,
        null,
        null,
        null,
        1,
        null,
        null,
        null,
        null,
        null,
        null,
        null,
        null,
        1,
        1,
        null,
        null,
        null,
        null,
        1,
        null,
        null,
        null,
        null,
        null,
        null,
        1,
        1,
        null,
        null,
        null,
        null,
        1,
        null,
        null,
        null,
        null,
        null,
        null,
        1,
        1,
        null,
        null,
        null,
        null,
        null,
        null,
        1,
        null,
        null,
        null,
        null,
        null,
        null,
        null,
        null,
        1,
        1,
        null,
        null,
        null,
        null,
        1,
        null,
        null,
        null,
        null,
        null,
        null,
        1,
        1,
        null,
        null,
        null,
        null,
        1,
        null,
        null,
        null,
        null,
        null,
        null,
        1,
        1,
        null,
        null,
        null,
        null,
        null,
        null,
        1,
        null,
        null,
        null,
        null,
        null,
        null,
        null,
        null
      ],
      "/Users/adamsnow/OneDrive/MacBook/Coding/weekly_projects/tech_tests/game_of_life/lib/game.rb": [
        1,
        1,
        null,
        1,
        7,
        32,
        46,
        7,
        null,
        null,
        1,
        6,
        8,
        8,
        8,
        8,
        null,
        6,
        null,
        null,
        1,
        null,
        1,
        15,
        252,
        null,
        null,
        null,
        1,
        8,
        28,
        28,
        28,
        null,
        null,
        null,
        1,
        28,
        104,
        104,
        null,
        null,
        null,
        1,
        104,
        null,
        null,
        null,
        null,
        null,
        null,
        null,
        null,
        null,
        104,
        104,
        null,
        null,
        1,
        104,
        104,
        104,
        104,
        104,
        null,
        null
      ]
    },
    "timestamp": 1497283177
  }
}
