{
  "RSpec": {
    "coverage": {
      "/Users/adamsnow/OneDrive/MacBook/Coding/weekly_projects/tech_tests/game_of_life/spec/buffer_spec.rb": [
        1,
        null,
        1,
        null,
        1,
        1,
        null,
        null,
        null,
        null,
        1,
        null,
        null,
        null,
        null,
        null,
        null,
        null,
        null,
        1,
        1,
        null,
        null,
        null,
        null,
        null,
        1,
        null,
        null,
        null,
        null,
        null,
        null,
        null,
        null,
        null
      ],
      "/Users/adamsnow/OneDrive/MacBook/Coding/weekly_projects/tech_tests/game_of_life/lib/buffer.rb": [
        1,
        1,
        null,
        1,
        1724,
        264,
        5337,
        null,
        null,
        null,
        null
      ],
      "/Users/adamsnow/OneDrive/MacBook/Coding/weekly_projects/tech_tests/game_of_life/spec/game_spec.rb": [
        1,
        null,
        1,
        null,
        1,
        1,
        null,
        null,
        null,
        null,
        1,
        null,
        null,
        null,
        null,
        null,
        null,
        null,
        null,
        1,
        1,
        null,
        null,
        null,
        null,
        1,
        null,
        null,
        null,
        null,
        null,
        null,
        1,
        1,
        null,
        null,
        null,
        null,
        1,
        null,
        null,
        null,
        null,
        null,
        null,
        1,
        1,
        null,
        null,
        null,
        null,
        null,
        null,
        1,
        null,
        null,
        null,
        null,
        null,
        null,
        null,
        null,
        1,
        1,
        null,
        null,
        null,
        null,
        1,
        null,
        null,
        null,
        null,
        null,
        null,
        1,
        1,
        null,
        null,
        null,
        null,
        1,
        null,
        null,
        null,
        null,
        null,
        null,
        1,
        1,
        null,
        null,
        null,
        null,
        null,
        null,
        1,
        null,
        null,
        null,
        null,
        null,
        null,
        null,
        null,
        1,
        1,
        null,
        null,
        null,
        null,
        null,
        1,
        null,
        null,
        null,
        null,
        null,
        null,
        null,
        1,
        1,
        null,
        null,
        null,
        null,
        null,
        1,
        null,
        null,
        null,
        null,
        null,
        null,
        null,
        1,
        1,
        null,
        null,
        null,
        null,
        1,
        null,
        null,
        null,
        null,
        null,
        null,
        1,
        1,
        null,
        null,
        null,
        null,
        null,
        null,
        null,
        null,
        null,
        1,
        null,
        null,
        null,
        null,
        null,
        null,
        null,
        null,
        null,
        1,
        null,
        null,
        null,
        null,
        null,
        null,
        null,
        null,
        null,
        null,
        null,
        null
      ],
      "/Users/adamsnow/OneDrive/MacBook/Coding/weekly_projects/tech_tests/game_of_life/lib/game.rb": [
        1,
        1,
        1,
        null,
        1,
        11,
        11,
        null,
        null,
        1,
        11,
        251,
        251,
        251,
        251,
        null,
        11,
        null,
        null,
        1,
        null,
        1,
        251,
        881,
        881,
        881,
        null,
        null,
        null,
        1,
        881,
        4169,
        4169,
        null,
        null,
        null,
        1,
        4169,
        null,
        null,
        null,
        null,
        4169,
        null,
        null,
        1,
        null,
        null,
        null,
        null,
        4169,
        null,
        null,
        1,
        null,
        null,
        null,
        4169,
        null,
        null,
        1,
        null,
        null,
        null,
        null,
        4169,
        null,
        null,
        1,
        4169,
        4169,
        4169,
        4169,
        4169,
        null,
        null
      ],
      "/Users/adamsnow/OneDrive/MacBook/Coding/weekly_projects/tech_tests/game_of_life/spec/neighbours_spec.rb": [

      ]
    },
    "timestamp": 1497349050
  }
}
